# JRE version: OpenJDK Runtime Environment Microsoft-7208460 (11.0.18+10) (build 11.0.18+10-LTS)
# Java VM: OpenJDK 64-Bit Server VM Microsoft-7208460 (11.0.18+10-LTS, mixed mode, tiered, compressed oops, g1 gc, windows-amd64)
Heap:
 garbage-first heap   total 227328K, used 145858K [0x0000000080000000, 0x0000000100000000)
  region size 1024K, 6 young (6144K), 5 survivors (5120K)
 Metaspace       used 121567K, capacity 125202K, committed 125264K, reserved 624640K
  class space    used 15733K, capacity 17118K, committed 17152K, reserved 516096K
GC Heap History (20 events):
Event: 382.492 GC heap before
{Heap before GC invocations=151 (full 0):
 garbage-first heap   total 189440K, used 164357K [0x0000000080000000, 0x0000000100000000)
  region size 1024K, 41 young (41984K), 1 survivors (1024K)
 Metaspace       used 114418K, capacity 117882K, committed 118096K, reserved 618496K
  class space    used 14708K, capacity 16032K, committed 16128K, reserved 516096K
}
Event: 382.501 GC heap after
{Heap after GC invocations=152 (full 0):
 garbage-first heap   total 189440K, used 125120K [0x0000000080000000, 0x0000000100000000)
  region size 1024K, 2 young (2048K), 2 survivors (2048K)
 Metaspace       used 114418K, capacity 117882K, committed 118096K, reserved 618496K
  class space    used 14708K, capacity 16032K, committed 16128K, reserved 516096K
}
Event: 384.151 GC heap before
{Heap before GC invocations=153 (full 0):
 garbage-first heap   total 189440K, used 165056K [0x0000000080000000, 0x0000000100000000)
  region size 1024K, 41 young (41984K), 2 survivors (2048K)
 Metaspace       used 116392K, capacity 119846K, committed 119888K, reserved 620544K
  class space    used 15001K, capacity 16346K, committed 16384K, reserved 516096K
}
Event: 384.168 GC heap after
{Heap after GC invocations=154 (full 0):
 garbage-first heap   total 189440K, used 127059K [0x0000000080000000, 0x0000000100000000)
  region size 1024K, 4 young (4096K), 4 survivors (4096K)
 Metaspace       used 116392K, capacity 119846K, committed 119888K, reserved 620544K
  class space    used 15001K, capacity 16346K, committed 16384K, reserved 516096K
}
Event: 384.937 GC heap before
{Heap before GC invocations=154 (full 0):
 garbage-first heap   total 189440K, used 164947K [0x0000000080000000, 0x0000000100000000)
  region size 1024K, 41 young (41984K), 4 survivors (4096K)
 Metaspace       used 118380K, capacity 121992K, committed 122192K, reserved 622592K
  class space    used 15249K, capacity 16605K, committed 16640K, reserved 516096K
}
Event: 384.959 GC heap after
{Heap after GC invocations=155 (full 0):
 garbage-first heap   total 189440K, used 130406K [0x0000000080000000, 0x0000000100000000)
  region size 1024K, 6 young (6144K), 6 survivors (6144K)
 Metaspace       used 118380K, capacity 121992K, committed 122192K, reserved 622592K
  class space    used 15249K, capacity 16605K, committed 16640K, reserved 516096K
}
Event: 385.778 GC heap before
{Heap before GC invocations=156 (full 0):
 garbage-first heap   total 189440K, used 161126K [0x0000000080000000, 0x0000000100000000)
  region size 1024K, 37 young (37888K), 6 survivors (6144K)
 Metaspace       used 118589K, capacity 122228K, committed 122448K, reserved 622592K
  class space    used 15267K, capacity 16639K, committed 16640K, reserved 516096K
}
Event: 385.808 GC heap after
{Heap after GC invocations=157 (full 0):
 garbage-first heap   total 189440K, used 133803K [0x0000000080000000, 0x0000000100000000)
  region size 1024K, 5 young (5120K), 5 survivors (5120K)
 Metaspace       used 118589K, capacity 122228K, committed 122448K, reserved 622592K
  class space    used 15267K, capacity 16639K, committed 16640K, reserved 516096K
}
Event: 385.841 GC heap before
{Heap before GC invocations=157 (full 0):
 garbage-first heap   total 189440K, used 137899K [0x0000000080000000, 0x0000000100000000)
  region size 1024K, 9 young (9216K), 5 survivors (5120K)
 Metaspace       used 118610K, capacity 122242K, committed 122576K, reserved 622592K
  class space    used 15269K, capacity 16641K, committed 16768K, reserved 516096K
}
Event: 385.858 GC heap after
{Heap after GC invocations=158 (full 0):
 garbage-first heap   total 189440K, used 133745K [0x0000000080000000, 0x0000000100000000)
  region size 1024K, 1 young (1024K), 1 survivors (1024K)
 Metaspace       used 118610K, capacity 122242K, committed 122576K, reserved 622592K
  class space    used 15269K, capacity 16641K, committed 16768K, reserved 516096K
}
Event: 386.067 GC heap before
{Heap before GC invocations=158 (full 0):
 garbage-first heap   total 189440K, used 162417K [0x0000000080000000, 0x0000000100000000)
  region size 1024K, 29 young (29696K), 1 survivors (1024K)
 Metaspace       used 118627K, capacity 122242K, committed 122576K, reserved 622592K
  class space    used 15269K, capacity 16641K, committed 16768K, reserved 516096K
}
Event: 386.091 GC heap after
{Heap after GC invocations=159 (full 0):
 garbage-first heap   total 189440K, used 138028K [0x0000000080000000, 0x0000000100000000)
  region size 1024K, 4 young (4096K), 4 survivors (4096K)
 Metaspace       used 118627K, capacity 122242K, committed 122576K, reserved 622592K
  class space    used 15269K, capacity 16641K, committed 16768K, reserved 516096K
}
Event: 386.802 GC heap before
{Heap before GC invocations=160 (full 0):
 garbage-first heap   total 189440K, used 162604K [0x0000000080000000, 0x0000000100000000)
  region size 1024K, 28 young (28672K), 4 survivors (4096K)
 Metaspace       used 118648K, capacity 122242K, committed 122576K, reserved 622592K
  class space    used 15270K, capacity 16641K, committed 16768K, reserved 516096K
}
Event: 386.825 GC heap after
{Heap after GC invocations=161 (full 0):
 garbage-first heap   total 189440K, used 142293K [0x0000000080000000, 0x0000000100000000)
  region size 1024K, 4 young (4096K), 4 survivors (4096K)
 Metaspace       used 118648K, capacity 122242K, committed 122576K, reserved 622592K
  class space    used 15270K, capacity 16641K, committed 16768K, reserved 516096K
}
Event: 386.858 GC heap before
{Heap before GC invocations=161 (full 0):
 garbage-first heap   total 189440K, used 147413K [0x0000000080000000, 0x0000000100000000)
  region size 1024K, 9 young (9216K), 4 survivors (4096K)
 Metaspace       used 118649K, capacity 122242K, committed 122576K, reserved 622592K
  class space    used 15270K, capacity 16641K, committed 16768K, reserved 516096K
}
Event: 386.876 GC heap after
{Heap after GC invocations=162 (full 0):
 garbage-first heap   total 189440K, used 142336K [0x0000000080000000, 0x0000000100000000)
  region size 1024K, 1 young (1024K), 1 survivors (1024K)
 Metaspace       used 118649K, capacity 122242K, committed 122576K, reserved 622592K
  class space    used 15270K, capacity 16641K, committed 16768K, reserved 516096K
}
Event: 387.516 GC heap before
{Heap before GC invocations=162 (full 0):
 garbage-first heap   total 189440K, used 161792K [0x0000000080000000, 0x0000000100000000)
  region size 1024K, 21 young (21504K), 1 survivors (1024K)
 Metaspace       used 120851K, capacity 124519K, committed 124752K, reserved 624640K
  class space    used 15671K, capacity 17082K, committed 17152K, reserved 516096K
}
Event: 387.529 GC heap after
{Heap after GC invocations=163 (full 0):
 garbage-first heap   total 227328K, used 144071K [0x0000000080000000, 0x0000000100000000)
  region size 1024K, 3 young (3072K), 3 survivors (3072K)
 Metaspace       used 120851K, capacity 124519K, committed 124752K, reserved 624640K
  class space    used 15671K, capacity 17082K, committed 17152K, reserved 516096K
}
Event: 388.596 GC heap before
{Heap before GC invocations=164 (full 0):
 garbage-first heap   total 227328K, used 177863K [0x0000000080000000, 0x0000000100000000)
  region size 1024K, 36 young (36864K), 3 survivors (3072K)
 Metaspace       used 121567K, capacity 125202K, committed 125264K, reserved 624640K
  class space    used 15733K, capacity 17118K, committed 17152K, reserved 516096K
}
Event: 388.620 GC heap after
{Heap after GC invocations=165 (full 0):
 garbage-first heap   total 227328K, used 145858K [0x0000000080000000, 0x0000000100000000)
  region size 1024K, 5 young (5120K), 5 survivors (5120K)
 Metaspace       used 121567K, capacity 125202K, committed 125264K, reserved 624640K
  class space    used 15733K, capacity 17118K, committed 17152K, reserved 516096K
}

