# JRE version: OpenJDK Runtime Environment Microsoft-7208460 (11.0.18+10) (build 11.0.18+10-LTS)
# Java VM: OpenJDK 64-Bit Server VM Microsoft-7208460 (11.0.18+10-LTS, mixed mode, tiered, compressed oops, g1 gc, windows-amd64)
Heap:
 garbage-first heap   total 393216K, used 291840K [0x0000000080000000, 0x0000000100000000)
  region size 1024K, 37 young (37888K), 6 survivors (6144K)
 Metaspace       used 136037K, capacity 141301K, committed 141448K, reserved 638976K
  class space    used 17340K, capacity 19262K, committed 19328K, reserved 516096K
GC Heap History (20 events):
Event: 74.706 GC heap before
{Heap before GC invocations=40 (full 0):
 garbage-first heap   total 327680K, used 267776K [0x0000000080000000, 0x0000000100000000)
  region size 1024K, 62 young (63488K), 8 survivors (8192K)
 Metaspace       used 120055K, capacity 124687K, committed 124808K, reserved 624640K
  class space    used 15458K, capacity 17175K, committed 17280K, reserved 516096K
}
Event: 74.764 GC heap after
{Heap after GC invocations=41 (full 0):
 garbage-first heap   total 327680K, used 221046K [0x0000000080000000, 0x0000000100000000)
  region size 1024K, 8 young (8192K), 8 survivors (8192K)
 Metaspace       used 120055K, capacity 124687K, committed 124808K, reserved 624640K
  class space    used 15458K, capacity 17175K, committed 17280K, reserved 516096K
}
Event: 77.254 GC heap before
{Heap before GC invocations=42 (full 0):
 garbage-first heap   total 327680K, used 271222K [0x0000000080000000, 0x0000000100000000)
  region size 1024K, 58 young (59392K), 8 survivors (8192K)
 Metaspace       used 120456K, capacity 125077K, committed 125320K, reserved 624640K
  class space    used 15472K, capacity 17189K, committed 17280K, reserved 516096K
}
Event: 77.305 GC heap after
{Heap after GC invocations=43 (full 0):
 garbage-first heap   total 393216K, used 226816K [0x0000000080000000, 0x0000000100000000)
  region size 1024K, 6 young (6144K), 6 survivors (6144K)
 Metaspace       used 120456K, capacity 125077K, committed 125320K, reserved 624640K
  class space    used 15472K, capacity 17189K, committed 17280K, reserved 516096K
}
Event: 77.892 GC heap before
{Heap before GC invocations=43 (full 0):
 garbage-first heap   total 393216K, used 279040K [0x0000000080000000, 0x0000000100000000)
  region size 1024K, 59 young (60416K), 6 survivors (6144K)
 Metaspace       used 120482K, capacity 125079K, committed 125320K, reserved 624640K
  class space    used 15472K, capacity 17189K, committed 17280K, reserved 516096K
}
Event: 77.922 GC heap after
{Heap after GC invocations=44 (full 0):
 garbage-first heap   total 393216K, used 230912K [0x0000000080000000, 0x0000000100000000)
  region size 1024K, 10 young (10240K), 10 survivors (10240K)
 Metaspace       used 120482K, capacity 125079K, committed 125320K, reserved 624640K
  class space    used 15472K, capacity 17189K, committed 17280K, reserved 516096K
}
Event: 79.363 GC heap before
{Heap before GC invocations=45 (full 0):
 garbage-first heap   total 393216K, used 254464K [0x0000000080000000, 0x0000000100000000)
  region size 1024K, 31 young (31744K), 10 survivors (10240K)
 Metaspace       used 120717K, capacity 125355K, committed 125576K, reserved 624640K
  class space    used 15494K, capacity 17208K, committed 17280K, reserved 516096K
}
Event: 79.402 GC heap after
{Heap after GC invocations=46 (full 0):
 garbage-first heap   total 393216K, used 232960K [0x0000000080000000, 0x0000000100000000)
  region size 1024K, 7 young (7168K), 7 survivors (7168K)
 Metaspace       used 120717K, capacity 125355K, committed 125576K, reserved 624640K
  class space    used 15494K, capacity 17208K, committed 17280K, reserved 516096K
}
Event: 80.586 GC heap before
{Heap before GC invocations=47 (full 0):
 garbage-first heap   total 393216K, used 257536K [0x0000000080000000, 0x0000000100000000)
  region size 1024K, 29 young (29696K), 7 survivors (7168K)
 Metaspace       used 120799K, capacity 125409K, committed 125576K, reserved 624640K
  class space    used 15503K, capacity 17223K, committed 17280K, reserved 516096K
}
Event: 80.611 GC heap after
{Heap after GC invocations=48 (full 0):
 garbage-first heap   total 393216K, used 235421K [0x0000000080000000, 0x0000000100000000)
  region size 1024K, 5 young (5120K), 5 survivors (5120K)
 Metaspace       used 120799K, capacity 125409K, committed 125576K, reserved 624640K
  class space    used 15503K, capacity 17223K, committed 17280K, reserved 516096K
}
Event: 81.692 GC heap before
{Heap before GC invocations=49 (full 0):
 garbage-first heap   total 393216K, used 259997K [0x0000000080000000, 0x0000000100000000)
  region size 1024K, 23 young (23552K), 5 survivors (5120K)
 Metaspace       used 120831K, capacity 125412K, committed 125576K, reserved 624640K
  class space    used 15503K, capacity 17223K, committed 17280K, reserved 516096K
}
Event: 81.712 GC heap after
{Heap after GC invocations=50 (full 0):
 garbage-first heap   total 393216K, used 236368K [0x0000000080000000, 0x0000000100000000)
  region size 1024K, 6 young (6144K), 6 survivors (6144K)
 Metaspace       used 120831K, capacity 125412K, committed 125576K, reserved 624640K
  class space    used 15503K, capacity 17223K, committed 17280K, reserved 516096K
}
Event: 83.253 GC heap before
{Heap before GC invocations=51 (full 0):
 garbage-first heap   total 393216K, used 280400K [0x0000000080000000, 0x0000000100000000)
  region size 1024K, 47 young (48128K), 6 survivors (6144K)
 Metaspace       used 121012K, capacity 125747K, committed 125832K, reserved 626688K
  class space    used 15527K, capacity 17258K, committed 17280K, reserved 516096K
}
Event: 83.285 GC heap after
{Heap after GC invocations=52 (full 0):
 garbage-first heap   total 393216K, used 239969K [0x0000000080000000, 0x0000000100000000)
  region size 1024K, 9 young (9216K), 9 survivors (9216K)
 Metaspace       used 121012K, capacity 125747K, committed 125832K, reserved 626688K
  class space    used 15527K, capacity 17258K, committed 17280K, reserved 516096K
}
Event: 85.873 GC heap before
{Heap before GC invocations=53 (full 0):
 garbage-first heap   total 393216K, used 300385K [0x0000000080000000, 0x0000000100000000)
  region size 1024K, 66 young (67584K), 9 survivors (9216K)
 Metaspace       used 128272K, capacity 133113K, committed 133256K, reserved 632832K
  class space    used 16439K, capacity 18241K, committed 18304K, reserved 516096K
}
Event: 85.920 GC heap after
{Heap after GC invocations=54 (full 0):
 garbage-first heap   total 393216K, used 245173K [0x0000000080000000, 0x0000000100000000)
  region size 1024K, 11 young (11264K), 11 survivors (11264K)
 Metaspace       used 128272K, capacity 133113K, committed 133256K, reserved 632832K
  class space    used 16439K, capacity 18241K, committed 18304K, reserved 516096K
}
Event: 89.025 GC heap before
{Heap before GC invocations=55 (full 0):
 garbage-first heap   total 393216K, used 324021K [0x0000000080000000, 0x0000000100000000)
  region size 1024K, 87 young (89088K), 11 survivors (11264K)
 Metaspace       used 132235K, capacity 137246K, committed 137352K, reserved 634880K
  class space    used 16886K, capacity 18710K, committed 18816K, reserved 516096K
}
Event: 89.075 GC heap after
{Heap after GC invocations=56 (full 0):
 garbage-first heap   total 393216K, used 253956K [0x0000000080000000, 0x0000000100000000)
  region size 1024K, 8 young (8192K), 8 survivors (8192K)
 Metaspace       used 132235K, capacity 137246K, committed 137352K, reserved 634880K
  class space    used 16886K, capacity 18710K, committed 18816K, reserved 516096K
}
Event: 92.225 GC heap before
{Heap before GC invocations=56 (full 0):
 garbage-first heap   total 393216K, used 314372K [0x0000000080000000, 0x0000000100000000)
  region size 1024K, 69 young (70656K), 8 survivors (8192K)
 Metaspace       used 135196K, capacity 140417K, committed 140680K, reserved 638976K
  class space    used 17298K, capacity 19210K, committed 19328K, reserved 516096K
}
Event: 92.264 GC heap after
{Heap after GC invocations=57 (full 0):
 garbage-first heap   total 393216K, used 259072K [0x0000000080000000, 0x0000000100000000)
  region size 1024K, 6 young (6144K), 6 survivors (6144K)
 Metaspace       used 135196K, capacity 140417K, committed 140680K, reserved 638976K
  class space    used 17298K, capacity 19210K, committed 19328K, reserved 516096K
}

