# JRE version: OpenJDK Runtime Environment Microsoft-7208460 (11.0.18+10) (build 11.0.18+10-LTS)
# Java VM: OpenJDK 64-Bit Server VM Microsoft-7208460 (11.0.18+10-LTS, mixed mode, tiered, compressed oops, g1 gc, windows-amd64)
Heap:
 garbage-first heap   total 336896K, used 221963K [0x0000000080000000, 0x0000000100000000)
  region size 1024K, 113 young (115712K), 7 survivors (7168K)
 Metaspace       used 112114K, capacity 115282K, committed 115336K, reserved 616448K
  class space    used 14214K, capacity 15463K, committed 15488K, reserved 516096K
GC Heap History (20 events):
Event: 348.492 GC heap before
{Heap before GC invocations=89 (full 0):
 garbage-first heap   total 280576K, used 249775K [0x0000000080000000, 0x0000000100000000)
  region size 1024K, 137 young (140288K), 8 survivors (8192K)
 Metaspace       used 111952K, capacity 115146K, committed 115336K, reserved 616448K
  class space    used 14208K, capacity 15462K, committed 15488K, reserved 516096K
}
Event: 348.512 GC heap after
{Heap after GC invocations=90 (full 0):
 garbage-first heap   total 280576K, used 111386K [0x0000000080000000, 0x0000000100000000)
  region size 1024K, 8 young (8192K), 8 survivors (8192K)
 Metaspace       used 111952K, capacity 115146K, committed 115336K, reserved 616448K
  class space    used 14208K, capacity 15462K, committed 15488K, reserved 516096K
}
Event: 349.475 GC heap before
{Heap before GC invocations=90 (full 0):
 garbage-first heap   total 280576K, used 243482K [0x0000000080000000, 0x0000000100000000)
  region size 1024K, 137 young (140288K), 8 survivors (8192K)
 Metaspace       used 111952K, capacity 115146K, committed 115336K, reserved 616448K
  class space    used 14208K, capacity 15462K, committed 15488K, reserved 516096K
}
Event: 349.499 GC heap after
{Heap after GC invocations=91 (full 0):
 garbage-first heap   total 336896K, used 109878K [0x0000000080000000, 0x0000000100000000)
  region size 1024K, 6 young (6144K), 6 survivors (6144K)
 Metaspace       used 111952K, capacity 115146K, committed 115336K, reserved 616448K
  class space    used 14208K, capacity 15462K, committed 15488K, reserved 516096K
}
Event: 350.975 GC heap before
{Heap before GC invocations=91 (full 0):
 garbage-first heap   total 336896K, used 277814K [0x0000000080000000, 0x0000000100000000)
  region size 1024K, 170 young (174080K), 6 survivors (6144K)
 Metaspace       used 111952K, capacity 115146K, committed 115336K, reserved 616448K
  class space    used 14208K, capacity 15462K, committed 15488K, reserved 516096K
}
Event: 350.992 GC heap after
{Heap after GC invocations=92 (full 0):
 garbage-first heap   total 336896K, used 110768K [0x0000000080000000, 0x0000000100000000)
  region size 1024K, 7 young (7168K), 7 survivors (7168K)
 Metaspace       used 111952K, capacity 115146K, committed 115336K, reserved 616448K
  class space    used 14208K, capacity 15462K, committed 15488K, reserved 516096K
}
Event: 357.969 GC heap before
{Heap before GC invocations=92 (full 0):
 garbage-first heap   total 336896K, used 278704K [0x0000000080000000, 0x0000000100000000)
  region size 1024K, 171 young (175104K), 7 survivors (7168K)
 Metaspace       used 111954K, capacity 115147K, committed 115336K, reserved 616448K
  class space    used 14208K, capacity 15462K, committed 15488K, reserved 516096K
}
Event: 357.979 GC heap after
{Heap after GC invocations=93 (full 0):
 garbage-first heap   total 336896K, used 104185K [0x0000000080000000, 0x0000000100000000)
  region size 1024K, 2 young (2048K), 2 survivors (2048K)
 Metaspace       used 111954K, capacity 115147K, committed 115336K, reserved 616448K
  class space    used 14208K, capacity 15462K, committed 15488K, reserved 516096K
}
Event: 359.662 GC heap before
{Heap before GC invocations=93 (full 0):
 garbage-first heap   total 336896K, used 279289K [0x0000000080000000, 0x0000000100000000)
  region size 1024K, 172 young (176128K), 2 survivors (2048K)
 Metaspace       used 111954K, capacity 115147K, committed 115336K, reserved 616448K
  class space    used 14208K, capacity 15462K, committed 15488K, reserved 516096K
}
Event: 359.666 GC heap after
{Heap after GC invocations=94 (full 0):
 garbage-first heap   total 336896K, used 102510K [0x0000000080000000, 0x0000000100000000)
  region size 1024K, 2 young (2048K), 2 survivors (2048K)
 Metaspace       used 111954K, capacity 115147K, committed 115336K, reserved 616448K
  class space    used 14208K, capacity 15462K, committed 15488K, reserved 516096K
}
Event: 361.675 GC heap before
{Heap before GC invocations=94 (full 0):
 garbage-first heap   total 336896K, used 288878K [0x0000000080000000, 0x0000000100000000)
  region size 1024K, 180 young (184320K), 2 survivors (2048K)
 Metaspace       used 111954K, capacity 115147K, committed 115336K, reserved 616448K
  class space    used 14208K, capacity 15462K, committed 15488K, reserved 516096K
}
Event: 361.680 GC heap after
{Heap after GC invocations=95 (full 0):
 garbage-first heap   total 336896K, used 106077K [0x0000000080000000, 0x0000000100000000)
  region size 1024K, 2 young (2048K), 2 survivors (2048K)
 Metaspace       used 111954K, capacity 115147K, committed 115336K, reserved 616448K
  class space    used 14208K, capacity 15462K, committed 15488K, reserved 516096K
}
Event: 363.370 GC heap before
{Heap before GC invocations=95 (full 0):
 garbage-first heap   total 336896K, used 290397K [0x0000000080000000, 0x0000000100000000)
  region size 1024K, 182 young (186368K), 2 survivors (2048K)
 Metaspace       used 111954K, capacity 115147K, committed 115336K, reserved 616448K
  class space    used 14208K, capacity 15462K, committed 15488K, reserved 516096K
}
Event: 363.381 GC heap after
{Heap after GC invocations=96 (full 0):
 garbage-first heap   total 336896K, used 108252K [0x0000000080000000, 0x0000000100000000)
  region size 1024K, 4 young (4096K), 4 survivors (4096K)
 Metaspace       used 111954K, capacity 115147K, committed 115336K, reserved 616448K
  class space    used 14208K, capacity 15462K, committed 15488K, reserved 516096K
}
Event: 365.031 GC heap before
{Heap before GC invocations=96 (full 0):
 garbage-first heap   total 336896K, used 291548K [0x0000000080000000, 0x0000000100000000)
  region size 1024K, 183 young (187392K), 4 survivors (4096K)
 Metaspace       used 111954K, capacity 115147K, committed 115336K, reserved 616448K
  class space    used 14208K, capacity 15462K, committed 15488K, reserved 516096K
}
Event: 365.035 GC heap after
{Heap after GC invocations=97 (full 0):
 garbage-first heap   total 336896K, used 102330K [0x0000000080000000, 0x0000000100000000)
  region size 1024K, 1 young (1024K), 1 survivors (1024K)
 Metaspace       used 111954K, capacity 115147K, committed 115336K, reserved 616448K
  class space    used 14208K, capacity 15462K, committed 15488K, reserved 516096K
}
Event: 367.133 GC heap before
{Heap before GC invocations=97 (full 0):
 garbage-first heap   total 336896K, used 288698K [0x0000000080000000, 0x0000000100000000)
  region size 1024K, 183 young (187392K), 1 survivors (1024K)
 Metaspace       used 111957K, capacity 115147K, committed 115336K, reserved 616448K
  class space    used 14208K, capacity 15462K, committed 15488K, reserved 516096K
}
Event: 367.136 GC heap after
{Heap after GC invocations=98 (full 0):
 garbage-first heap   total 336896K, used 102283K [0x0000000080000000, 0x0000000100000000)
  region size 1024K, 1 young (1024K), 1 survivors (1024K)
 Metaspace       used 111957K, capacity 115147K, committed 115336K, reserved 616448K
  class space    used 14208K, capacity 15462K, committed 15488K, reserved 516096K
}
Event: 369.128 GC heap before
{Heap before GC invocations=98 (full 0):
 garbage-first heap   total 336896K, used 294795K [0x0000000080000000, 0x0000000100000000)
  region size 1024K, 184 young (188416K), 1 survivors (1024K)
 Metaspace       used 112006K, capacity 115215K, committed 115336K, reserved 616448K
  class space    used 14213K, capacity 15463K, committed 15488K, reserved 516096K
}
Event: 369.142 GC heap after
{Heap after GC invocations=99 (full 0):
 garbage-first heap   total 336896K, used 114443K [0x0000000080000000, 0x0000000100000000)
  region size 1024K, 7 young (7168K), 7 survivors (7168K)
 Metaspace       used 112006K, capacity 115215K, committed 115336K, reserved 616448K
  class space    used 14213K, capacity 15463K, committed 15488K, reserved 516096K
}

