# JRE version: OpenJDK Runtime Environment Microsoft-7208460 (11.0.18+10) (build 11.0.18+10-LTS)
# Java VM: OpenJDK 64-Bit Server VM Microsoft-7208460 (11.0.18+10-LTS, mixed mode, tiered, compressed oops, g1 gc, windows-amd64)
Heap:
 garbage-first heap   total 65536K, used 7040K [0x00000000fc000000, 0x0000000100000000)
  region size 1024K, 4 young (4096K), 2 survivors (2048K)
 Metaspace       used 15113K, capacity 15353K, committed 15360K, reserved 1062912K
  class space    used 1469K, capacity 1532K, committed 1536K, reserved 1048576K
GC Heap History (20 events):
Event: 2.545 GC heap before
{Heap before GC invocations=3 (full 0):
 garbage-first heap   total 65536K, used 19331K [0x00000000fc000000, 0x0000000100000000)
  region size 1024K, 18 young (18432K), 2 survivors (2048K)
 Metaspace       used 15090K, capacity 15289K, committed 15360K, reserved 1062912K
  class space    used 1465K, capacity 1532K, committed 1536K, reserved 1048576K
}
Event: 2.549 GC heap after
{Heap after GC invocations=4 (full 0):
 garbage-first heap   total 65536K, used 3891K [0x00000000fc000000, 0x0000000100000000)
  region size 1024K, 2 young (2048K), 2 survivors (2048K)
 Metaspace       used 15090K, capacity 15289K, committed 15360K, reserved 1062912K
  class space    used 1465K, capacity 1532K, committed 1536K, reserved 1048576K
}
Event: 4.600 GC heap before
{Heap before GC invocations=4 (full 0):
 garbage-first heap   total 65536K, used 30515K [0x00000000fc000000, 0x0000000100000000)
  region size 1024K, 28 young (28672K), 2 survivors (2048K)
 Metaspace       used 15091K, capacity 15289K, committed 15360K, reserved 1062912K
  class space    used 1465K, capacity 1532K, committed 1536K, reserved 1048576K
}
Event: 4.603 GC heap after
{Heap after GC invocations=5 (full 0):
 garbage-first heap   total 65536K, used 4085K [0x00000000fc000000, 0x0000000100000000)
  region size 1024K, 2 young (2048K), 2 survivors (2048K)
 Metaspace       used 15091K, capacity 15289K, committed 15360K, reserved 1062912K
  class space    used 1465K, capacity 1532K, committed 1536K, reserved 1048576K
}
Event: 7.396 GC heap before
{Heap before GC invocations=5 (full 0):
 garbage-first heap   total 65536K, used 37877K [0x00000000fc000000, 0x0000000100000000)
  region size 1024K, 35 young (35840K), 2 survivors (2048K)
 Metaspace       used 15091K, capacity 15289K, committed 15360K, reserved 1062912K
  class space    used 1465K, capacity 1532K, committed 1536K, reserved 1048576K
}
Event: 7.399 GC heap after
{Heap after GC invocations=6 (full 0):
 garbage-first heap   total 65536K, used 3984K [0x00000000fc000000, 0x0000000100000000)
  region size 1024K, 2 young (2048K), 2 survivors (2048K)
 Metaspace       used 15091K, capacity 15289K, committed 15360K, reserved 1062912K
  class space    used 1465K, capacity 1532K, committed 1536K, reserved 1048576K
}
Event: 10.330 GC heap before
{Heap before GC invocations=6 (full 0):
 garbage-first heap   total 65536K, used 40848K [0x00000000fc000000, 0x0000000100000000)
  region size 1024K, 38 young (38912K), 2 survivors (2048K)
 Metaspace       used 15091K, capacity 15289K, committed 15360K, reserved 1062912K
  class space    used 1465K, capacity 1532K, committed 1536K, reserved 1048576K
}
Event: 10.333 GC heap after
{Heap after GC invocations=7 (full 0):
 garbage-first heap   total 65536K, used 4004K [0x00000000fc000000, 0x0000000100000000)
  region size 1024K, 2 young (2048K), 2 survivors (2048K)
 Metaspace       used 15091K, capacity 15289K, committed 15360K, reserved 1062912K
  class space    used 1465K, capacity 1532K, committed 1536K, reserved 1048576K
}
Event: 13.293 GC heap before
{Heap before GC invocations=7 (full 0):
 garbage-first heap   total 65536K, used 40868K [0x00000000fc000000, 0x0000000100000000)
  region size 1024K, 38 young (38912K), 2 survivors (2048K)
 Metaspace       used 15091K, capacity 15289K, committed 15360K, reserved 1062912K
  class space    used 1465K, capacity 1532K, committed 1536K, reserved 1048576K
}
Event: 13.296 GC heap after
{Heap after GC invocations=8 (full 0):
 garbage-first heap   total 65536K, used 3887K [0x00000000fc000000, 0x0000000100000000)
  region size 1024K, 2 young (2048K), 2 survivors (2048K)
 Metaspace       used 15091K, capacity 15289K, committed 15360K, reserved 1062912K
  class space    used 1465K, capacity 1532K, committed 1536K, reserved 1048576K
}
Event: 16.092 GC heap before
{Heap before GC invocations=8 (full 0):
 garbage-first heap   total 65536K, used 40751K [0x00000000fc000000, 0x0000000100000000)
  region size 1024K, 38 young (38912K), 2 survivors (2048K)
 Metaspace       used 15091K, capacity 15289K, committed 15360K, reserved 1062912K
  class space    used 1465K, capacity 1532K, committed 1536K, reserved 1048576K
}
Event: 16.095 GC heap after
{Heap after GC invocations=9 (full 0):
 garbage-first heap   total 65536K, used 3985K [0x00000000fc000000, 0x0000000100000000)
  region size 1024K, 2 young (2048K), 2 survivors (2048K)
 Metaspace       used 15091K, capacity 15289K, committed 15360K, reserved 1062912K
  class space    used 1465K, capacity 1532K, committed 1536K, reserved 1048576K
}
Event: 19.023 GC heap before
{Heap before GC invocations=9 (full 0):
 garbage-first heap   total 65536K, used 40849K [0x00000000fc000000, 0x0000000100000000)
  region size 1024K, 38 young (38912K), 2 survivors (2048K)
 Metaspace       used 15093K, capacity 15289K, committed 15360K, reserved 1062912K
  class space    used 1465K, capacity 1532K, committed 1536K, reserved 1048576K
}
Event: 19.026 GC heap after
{Heap after GC invocations=10 (full 0):
 garbage-first heap   total 65536K, used 3954K [0x00000000fc000000, 0x0000000100000000)
  region size 1024K, 2 young (2048K), 2 survivors (2048K)
 Metaspace       used 15093K, capacity 15289K, committed 15360K, reserved 1062912K
  class space    used 1465K, capacity 1532K, committed 1536K, reserved 1048576K
}
Event: 21.933 GC heap before
{Heap before GC invocations=10 (full 0):
 garbage-first heap   total 65536K, used 40818K [0x00000000fc000000, 0x0000000100000000)
  region size 1024K, 38 young (38912K), 2 survivors (2048K)
 Metaspace       used 15093K, capacity 15289K, committed 15360K, reserved 1062912K
  class space    used 1465K, capacity 1532K, committed 1536K, reserved 1048576K
}
Event: 21.936 GC heap after
{Heap after GC invocations=11 (full 0):
 garbage-first heap   total 65536K, used 3916K [0x00000000fc000000, 0x0000000100000000)
  region size 1024K, 2 young (2048K), 2 survivors (2048K)
 Metaspace       used 15093K, capacity 15289K, committed 15360K, reserved 1062912K
  class space    used 1465K, capacity 1532K, committed 1536K, reserved 1048576K
}
Event: 24.855 GC heap before
{Heap before GC invocations=11 (full 0):
 garbage-first heap   total 65536K, used 40780K [0x00000000fc000000, 0x0000000100000000)
  region size 1024K, 38 young (38912K), 2 survivors (2048K)
 Metaspace       used 15093K, capacity 15289K, committed 15360K, reserved 1062912K
  class space    used 1465K, capacity 1532K, committed 1536K, reserved 1048576K
}
Event: 24.858 GC heap after
{Heap after GC invocations=12 (full 0):
 garbage-first heap   total 65536K, used 3914K [0x00000000fc000000, 0x0000000100000000)
  region size 1024K, 2 young (2048K), 2 survivors (2048K)
 Metaspace       used 15093K, capacity 15289K, committed 15360K, reserved 1062912K
  class space    used 1465K, capacity 1532K, committed 1536K, reserved 1048576K
}
Event: 27.759 GC heap before
{Heap before GC invocations=12 (full 0):
 garbage-first heap   total 65536K, used 40778K [0x00000000fc000000, 0x0000000100000000)
  region size 1024K, 38 young (38912K), 2 survivors (2048K)
 Metaspace       used 15093K, capacity 15289K, committed 15360K, reserved 1062912K
  class space    used 1465K, capacity 1532K, committed 1536K, reserved 1048576K
}
Event: 27.762 GC heap after
{Heap after GC invocations=13 (full 0):
 garbage-first heap   total 65536K, used 3968K [0x00000000fc000000, 0x0000000100000000)
  region size 1024K, 2 young (2048K), 2 survivors (2048K)
 Metaspace       used 15093K, capacity 15289K, committed 15360K, reserved 1062912K
  class space    used 1465K, capacity 1532K, committed 1536K, reserved 1048576K
}

