# JRE version: OpenJDK Runtime Environment Microsoft-7208460 (11.0.18+10) (build 11.0.18+10-LTS)
# Java VM: OpenJDK 64-Bit Server VM Microsoft-7208460 (11.0.18+10-LTS, mixed mode, tiered, compressed oops, g1 gc, windows-amd64)
Heap:
 garbage-first heap   total 395264K, used 288535K [0x0000000080000000, 0x0000000100000000)
  region size 1024K, 17 young (17408K), 8 survivors (8192K)
 Metaspace       used 133653K, capacity 138870K, committed 139016K, reserved 636928K
  class space    used 17204K, capacity 19170K, committed 19200K, reserved 516096K
GC Heap History (20 events):
Event: 67.658 GC heap before
{Heap before GC invocations=51 (full 0):
 garbage-first heap   total 395264K, used 261632K [0x0000000080000000, 0x0000000100000000)
  region size 1024K, 24 young (24576K), 2 survivors (2048K)
 Metaspace       used 120795K, capacity 125514K, committed 125576K, reserved 624640K
  class space    used 15512K, capacity 17260K, committed 17280K, reserved 516096K
}
Event: 67.676 GC heap after
{Heap after GC invocations=52 (full 0):
 garbage-first heap   total 395264K, used 239187K [0x0000000080000000, 0x0000000100000000)
  region size 1024K, 4 young (4096K), 4 survivors (4096K)
 Metaspace       used 120795K, capacity 125514K, committed 125576K, reserved 624640K
  class space    used 15512K, capacity 17260K, committed 17280K, reserved 516096K
}
Event: 68.753 GC heap before
{Heap before GC invocations=53 (full 0):
 garbage-first heap   total 395264K, used 264787K [0x0000000080000000, 0x0000000100000000)
  region size 1024K, 27 young (27648K), 4 survivors (4096K)
 Metaspace       used 120904K, capacity 125687K, committed 125832K, reserved 626688K
  class space    used 15519K, capacity 17271K, committed 17280K, reserved 516096K
}
Event: 68.773 GC heap after
{Heap after GC invocations=54 (full 0):
 garbage-first heap   total 395264K, used 240640K [0x0000000080000000, 0x0000000100000000)
  region size 1024K, 5 young (5120K), 5 survivors (5120K)
 Metaspace       used 120904K, capacity 125687K, committed 125832K, reserved 626688K
  class space    used 15519K, capacity 17271K, committed 17280K, reserved 516096K
}
Event: 70.252 GC heap before
{Heap before GC invocations=55 (full 0):
 garbage-first heap   total 395264K, used 295936K [0x0000000080000000, 0x0000000100000000)
  region size 1024K, 49 young (50176K), 5 survivors (5120K)
 Metaspace       used 121085K, capacity 125959K, committed 126216K, reserved 626688K
  class space    used 15543K, capacity 17306K, committed 17408K, reserved 516096K
}
Event: 70.284 GC heap after
{Heap after GC invocations=56 (full 0):
 garbage-first heap   total 395264K, used 244987K [0x0000000080000000, 0x0000000100000000)
  region size 1024K, 8 young (8192K), 8 survivors (8192K)
 Metaspace       used 121085K, capacity 125959K, committed 126216K, reserved 626688K
  class space    used 15543K, capacity 17306K, committed 17408K, reserved 516096K
}
Event: 72.218 GC heap before
{Heap before GC invocations=57 (full 0):
 garbage-first heap   total 395264K, used 309499K [0x0000000080000000, 0x0000000100000000)
  region size 1024K, 68 young (69632K), 8 survivors (8192K)
 Metaspace       used 122167K, capacity 126994K, committed 127368K, reserved 626688K
  class space    used 15670K, capacity 17410K, committed 17536K, reserved 516096K
}
Event: 72.267 GC heap after
{Heap after GC invocations=58 (full 0):
 garbage-first heap   total 395264K, used 250161K [0x0000000080000000, 0x0000000100000000)
  region size 1024K, 9 young (9216K), 9 survivors (9216K)
 Metaspace       used 122167K, capacity 126994K, committed 127368K, reserved 626688K
  class space    used 15670K, capacity 17410K, committed 17536K, reserved 516096K
}
Event: 73.485 GC heap before
{Heap before GC invocations=58 (full 0):
 garbage-first heap   total 395264K, used 305457K [0x0000000080000000, 0x0000000100000000)
  region size 1024K, 65 young (66560K), 9 survivors (9216K)
 Metaspace       used 123402K, capacity 128152K, committed 128264K, reserved 628736K
  class space    used 15803K, capacity 17571K, committed 17664K, reserved 516096K
}
Event: 73.540 GC heap after
{Heap after GC invocations=59 (full 0):
 garbage-first heap   total 395264K, used 257024K [0x0000000080000000, 0x0000000100000000)
  region size 1024K, 7 young (7168K), 7 survivors (7168K)
 Metaspace       used 123402K, capacity 128152K, committed 128264K, reserved 628736K
  class space    used 15803K, capacity 17571K, committed 17664K, reserved 516096K
}
Event: 74.786 GC heap before
{Heap before GC invocations=60 (full 0):
 garbage-first heap   total 395264K, used 278528K [0x0000000080000000, 0x0000000100000000)
  region size 1024K, 25 young (25600K), 7 survivors (7168K)
 Metaspace       used 123462K, capacity 128296K, committed 128520K, reserved 628736K
  class space    used 15806K, capacity 17576K, committed 17664K, reserved 516096K
}
Event: 74.816 GC heap after
{Heap after GC invocations=61 (full 0):
 garbage-first heap   total 395264K, used 258048K [0x0000000080000000, 0x0000000100000000)
  region size 1024K, 2 young (2048K), 2 survivors (2048K)
 Metaspace       used 123462K, capacity 128296K, committed 128520K, reserved 628736K
  class space    used 15806K, capacity 17576K, committed 17664K, reserved 516096K
}
Event: 76.000 GC heap before
{Heap before GC invocations=62 (full 0):
 garbage-first heap   total 395264K, used 286720K [0x0000000080000000, 0x0000000100000000)
  region size 1024K, 28 young (28672K), 2 survivors (2048K)
 Metaspace       used 123472K, capacity 128298K, committed 128520K, reserved 628736K
  class space    used 15807K, capacity 17576K, committed 17664K, reserved 516096K
}
Event: 76.016 GC heap after
{Heap after GC invocations=63 (full 0):
 garbage-first heap   total 395264K, used 259370K [0x0000000080000000, 0x0000000100000000)
  region size 1024K, 3 young (3072K), 3 survivors (3072K)
 Metaspace       used 123472K, capacity 128298K, committed 128520K, reserved 628736K
  class space    used 15807K, capacity 17576K, committed 17664K, reserved 516096K
}
Event: 77.787 GC heap before
{Heap before GC invocations=64 (full 0):
 garbage-first heap   total 395264K, used 298282K [0x0000000080000000, 0x0000000100000000)
  region size 1024K, 39 young (39936K), 3 survivors (3072K)
 Metaspace       used 123856K, capacity 128724K, committed 128776K, reserved 628736K
  class space    used 15855K, capacity 17653K, committed 17664K, reserved 516096K
}
Event: 77.809 GC heap after
{Heap after GC invocations=65 (full 0):
 garbage-first heap   total 395264K, used 261428K [0x0000000080000000, 0x0000000100000000)
  region size 1024K, 5 young (5120K), 5 survivors (5120K)
 Metaspace       used 123856K, capacity 128724K, committed 128776K, reserved 628736K
  class space    used 15855K, capacity 17653K, committed 17664K, reserved 516096K
}
Event: 79.287 GC heap before
{Heap before GC invocations=66 (full 0):
 garbage-first heap   total 395264K, used 318772K [0x0000000080000000, 0x0000000100000000)
  region size 1024K, 54 young (55296K), 5 survivors (5120K)
 Metaspace       used 128328K, capacity 133279K, committed 133384K, reserved 632832K
  class space    used 16466K, capacity 18332K, committed 18432K, reserved 516096K
}
Event: 79.322 GC heap after
{Heap after GC invocations=67 (full 0):
 garbage-first heap   total 395264K, used 270929K [0x0000000080000000, 0x0000000100000000)
  region size 1024K, 7 young (7168K), 7 survivors (7168K)
 Metaspace       used 128328K, capacity 133279K, committed 133384K, reserved 632832K
  class space    used 16466K, capacity 18332K, committed 18432K, reserved 516096K
}
Event: 80.206 GC heap before
{Heap before GC invocations=67 (full 0):
 garbage-first heap   total 395264K, used 321105K [0x0000000080000000, 0x0000000100000000)
  region size 1024K, 57 young (58368K), 7 survivors (7168K)
 Metaspace       used 132141K, capacity 137263K, committed 137608K, reserved 634880K
  class space    used 16992K, capacity 18956K, committed 19072K, reserved 516096K
}
Event: 80.297 GC heap after
{Heap after GC invocations=68 (full 0):
 garbage-first heap   total 395264K, used 280343K [0x0000000080000000, 0x0000000100000000)
  region size 1024K, 8 young (8192K), 8 survivors (8192K)
 Metaspace       used 132141K, capacity 137263K, committed 137608K, reserved 634880K
  class space    used 16992K, capacity 18956K, committed 19072K, reserved 516096K
}

