# JRE version: OpenJDK Runtime Environment Microsoft-7208460 (11.0.18+10) (build 11.0.18+10-LTS)
# Java VM: OpenJDK 64-Bit Server VM Microsoft-7208460 (11.0.18+10-LTS, mixed mode, tiered, compressed oops, g1 gc, windows-amd64)
Heap:
 garbage-first heap   total 131072K, used 59794K [0x0000000080000000, 0x0000000100000000)
  region size 1024K, 17 young (17408K), 3 survivors (3072K)
 Metaspace       used 64635K, capacity 66376K, committed 66512K, reserved 575488K
  class space    used 8326K, capacity 9023K, committed 9088K, reserved 516096K
GC Heap History (20 events):
Event: 36.344 GC heap before
{Heap before GC invocations=4 (full 0):
 garbage-first heap   total 131072K, used 33971K [0x0000000080000000, 0x0000000100000000)
  region size 1024K, 19 young (19456K), 1 survivors (1024K)
 Metaspace       used 20685K, capacity 21125K, committed 21296K, reserved 536576K
  class space    used 2466K, capacity 2626K, committed 2688K, reserved 516096K
}
Event: 36.350 GC heap after
{Heap after GC invocations=5 (full 0):
 garbage-first heap   total 131072K, used 17185K [0x0000000080000000, 0x0000000100000000)
  region size 1024K, 2 young (2048K), 2 survivors (2048K)
 Metaspace       used 20685K, capacity 21125K, committed 21296K, reserved 536576K
  class space    used 2466K, capacity 2626K, committed 2688K, reserved 516096K
}
Event: 43.333 GC heap before
{Heap before GC invocations=6 (full 0):
 garbage-first heap   total 131072K, used 47905K [0x0000000080000000, 0x0000000100000000)
  region size 1024K, 32 young (32768K), 2 survivors (2048K)
 Metaspace       used 23978K, capacity 24574K, committed 24624K, reserved 538624K
  class space    used 2988K, capacity 3184K, committed 3200K, reserved 516096K
}
Event: 43.341 GC heap after
{Heap after GC invocations=7 (full 0):
 garbage-first heap   total 131072K, used 18114K [0x0000000080000000, 0x0000000100000000)
  region size 1024K, 3 young (3072K), 3 survivors (3072K)
 Metaspace       used 23978K, capacity 24574K, committed 24624K, reserved 538624K
  class space    used 2988K, capacity 3184K, committed 3200K, reserved 516096K
}
Event: 51.262 GC heap before
{Heap before GC invocations=7 (full 0):
 garbage-first heap   total 131072K, used 63170K [0x0000000080000000, 0x0000000100000000)
  region size 1024K, 47 young (48128K), 3 survivors (3072K)
 Metaspace       used 28069K, capacity 28772K, committed 28976K, reserved 542720K
  class space    used 3641K, capacity 3886K, committed 3968K, reserved 516096K
}
Event: 51.273 GC heap after
{Heap after GC invocations=8 (full 0):
 garbage-first heap   total 131072K, used 19649K [0x0000000080000000, 0x0000000100000000)
  region size 1024K, 4 young (4096K), 4 survivors (4096K)
 Metaspace       used 28069K, capacity 28772K, committed 28976K, reserved 542720K
  class space    used 3641K, capacity 3886K, committed 3968K, reserved 516096K
}
Event: 61.912 GC heap before
{Heap before GC invocations=8 (full 0):
 garbage-first heap   total 131072K, used 61633K [0x0000000080000000, 0x0000000100000000)
  region size 1024K, 46 young (47104K), 4 survivors (4096K)
 Metaspace       used 34979K, capacity 35771K, committed 35920K, reserved 548864K
  class space    used 4454K, capacity 4792K, committed 4864K, reserved 516096K
}
Event: 61.930 GC heap after
{Heap after GC invocations=9 (full 0):
 garbage-first heap   total 131072K, used 22501K [0x0000000080000000, 0x0000000100000000)
  region size 1024K, 7 young (7168K), 7 survivors (7168K)
 Metaspace       used 34979K, capacity 35771K, committed 35920K, reserved 548864K
  class space    used 4454K, capacity 4792K, committed 4864K, reserved 516096K
}
Event: 72.539 GC heap before
{Heap before GC invocations=10 (full 0):
 garbage-first heap   total 131072K, used 78821K [0x0000000080000000, 0x0000000100000000)
  region size 1024K, 59 young (60416K), 7 survivors (7168K)
 Metaspace       used 40189K, capacity 41149K, committed 41424K, reserved 552960K
  class space    used 5028K, capacity 5406K, committed 5504K, reserved 516096K
}
Event: 72.575 GC heap after
{Heap after GC invocations=11 (full 0):
 garbage-first heap   total 131072K, used 27150K [0x0000000080000000, 0x0000000100000000)
  region size 1024K, 8 young (8192K), 8 survivors (8192K)
 Metaspace       used 40189K, capacity 41149K, committed 41424K, reserved 552960K
  class space    used 5028K, capacity 5406K, committed 5504K, reserved 516096K
}
Event: 88.159 GC heap before
{Heap before GC invocations=11 (full 0):
 garbage-first heap   total 131072K, used 81422K [0x0000000080000000, 0x0000000100000000)
  region size 1024K, 61 young (62464K), 8 survivors (8192K)
 Metaspace       used 43295K, capacity 44434K, committed 44624K, reserved 555008K
  class space    used 5374K, capacity 5831K, committed 5888K, reserved 516096K
}
Event: 88.186 GC heap after
{Heap after GC invocations=12 (full 0):
 garbage-first heap   total 131072K, used 30468K [0x0000000080000000, 0x0000000100000000)
  region size 1024K, 4 young (4096K), 4 survivors (4096K)
 Metaspace       used 43295K, capacity 44434K, committed 44624K, reserved 555008K
  class space    used 5374K, capacity 5831K, committed 5888K, reserved 516096K
}
Event: 90.293 GC heap before
{Heap before GC invocations=12 (full 0):
 garbage-first heap   total 131072K, used 85764K [0x0000000080000000, 0x0000000100000000)
  region size 1024K, 58 young (59392K), 4 survivors (4096K)
 Metaspace       used 47616K, capacity 48969K, committed 49232K, reserved 559104K
  class space    used 6090K, capacity 6616K, committed 6656K, reserved 516096K
}
Event: 90.311 GC heap after
{Heap after GC invocations=13 (full 0):
 garbage-first heap   total 131072K, used 32390K [0x0000000080000000, 0x0000000100000000)
  region size 1024K, 6 young (6144K), 6 survivors (6144K)
 Metaspace       used 47616K, capacity 48969K, committed 49232K, reserved 559104K
  class space    used 6090K, capacity 6616K, committed 6656K, reserved 516096K
}
Event: 93.313 GC heap before
{Heap before GC invocations=13 (full 0):
 garbage-first heap   total 131072K, used 89734K [0x0000000080000000, 0x0000000100000000)
  region size 1024K, 62 young (63488K), 6 survivors (6144K)
 Metaspace       used 53625K, capacity 55044K, committed 55120K, reserved 565248K
  class space    used 6815K, capacity 7398K, committed 7424K, reserved 516096K
}
Event: 93.338 GC heap after
{Heap after GC invocations=14 (full 0):
 garbage-first heap   total 131072K, used 35902K [0x0000000080000000, 0x0000000100000000)
  region size 1024K, 6 young (6144K), 6 survivors (6144K)
 Metaspace       used 53625K, capacity 55044K, committed 55120K, reserved 565248K
  class space    used 6815K, capacity 7398K, committed 7424K, reserved 516096K
}
Event: 96.834 GC heap before
{Heap before GC invocations=14 (full 0):
 garbage-first heap   total 131072K, used 74814K [0x0000000080000000, 0x0000000100000000)
  region size 1024K, 41 young (41984K), 6 survivors (6144K)
 Metaspace       used 58639K, capacity 60120K, committed 60296K, reserved 569344K
  class space    used 7435K, capacity 8042K, committed 8064K, reserved 516096K
}
Event: 96.861 GC heap after
{Heap after GC invocations=15 (full 0):
 garbage-first heap   total 131072K, used 44026K [0x0000000080000000, 0x0000000100000000)
  region size 1024K, 8 young (8192K), 8 survivors (8192K)
 Metaspace       used 58639K, capacity 60120K, committed 60296K, reserved 569344K
  class space    used 7435K, capacity 8042K, committed 8064K, reserved 516096K
}
Event: 98.959 GC heap before
{Heap before GC invocations=16 (full 0):
 garbage-first heap   total 131072K, used 93178K [0x0000000080000000, 0x0000000100000000)
  region size 1024K, 56 young (57344K), 8 survivors (8192K)
 Metaspace       used 63152K, capacity 64853K, committed 65104K, reserved 573440K
  class space    used 8136K, capacity 8834K, committed 8960K, reserved 516096K
}
Event: 98.988 GC heap after
{Heap after GC invocations=17 (full 0):
 garbage-first heap   total 131072K, used 46482K [0x0000000080000000, 0x0000000100000000)
  region size 1024K, 3 young (3072K), 3 survivors (3072K)
 Metaspace       used 63152K, capacity 64853K, committed 65104K, reserved 573440K
  class space    used 8136K, capacity 8834K, committed 8960K, reserved 516096K
}

