# JRE version: OpenJDK Runtime Environment Microsoft-7208460 (11.0.18+10) (build 11.0.18+10-LTS)
# Java VM: OpenJDK 64-Bit Server VM Microsoft-7208460 (11.0.18+10-LTS, mixed mode, tiered, compressed oops, g1 gc, windows-amd64)
Heap:
 garbage-first heap   total 227328K, used 133867K [0x0000000080000000, 0x0000000100000000)
  region size 1024K, 69 young (70656K), 10 survivors (10240K)
 Metaspace       used 90648K, capacity 93024K, committed 93136K, reserved 598016K
  class space    used 11609K, capacity 12593K, committed 12672K, reserved 516096K
GC Heap History (20 events):
Event: 5.639 GC heap before
{Heap before GC invocations=7 (full 0):
 garbage-first heap   total 157696K, used 67609K [0x0000000080000000, 0x0000000100000000)
  region size 1024K, 51 young (52224K), 3 survivors (3072K)
 Metaspace       used 29031K, capacity 29756K, committed 29872K, reserved 542720K
  class space    used 3795K, capacity 4068K, committed 4096K, reserved 516096K
}
Event: 5.652 GC heap after
{Heap after GC invocations=8 (full 0):
 garbage-first heap   total 157696K, used 20301K [0x0000000080000000, 0x0000000100000000)
  region size 1024K, 5 young (5120K), 5 survivors (5120K)
 Metaspace       used 29031K, capacity 29756K, committed 29872K, reserved 542720K
  class space    used 3795K, capacity 4068K, committed 4096K, reserved 516096K
}
Event: 6.351 GC heap before
{Heap before GC invocations=8 (full 0):
 garbage-first heap   total 157696K, used 52045K [0x0000000080000000, 0x0000000100000000)
  region size 1024K, 37 young (37888K), 5 survivors (5120K)
 Metaspace       used 35029K, capacity 35795K, committed 35920K, reserved 548864K
  class space    used 4478K, capacity 4824K, committed 4864K, reserved 516096K
}
Event: 6.374 GC heap after
{Heap after GC invocations=9 (full 0):
 garbage-first heap   total 157696K, used 22459K [0x0000000080000000, 0x0000000100000000)
  region size 1024K, 6 young (6144K), 6 survivors (6144K)
 Metaspace       used 35029K, capacity 35795K, committed 35920K, reserved 548864K
  class space    used 4478K, capacity 4824K, committed 4864K, reserved 516096K
}
Event: 7.993 GC heap before
{Heap before GC invocations=10 (full 0):
 garbage-first heap   total 157696K, used 89019K [0x0000000080000000, 0x0000000100000000)
  region size 1024K, 69 young (70656K), 6 survivors (6144K)
 Metaspace       used 40412K, capacity 41394K, committed 41680K, reserved 552960K
  class space    used 5060K, capacity 5430K, committed 5504K, reserved 516096K
}
Event: 8.023 GC heap after
{Heap after GC invocations=11 (full 0):
 garbage-first heap   total 157696K, used 28120K [0x0000000080000000, 0x0000000100000000)
  region size 1024K, 9 young (9216K), 9 survivors (9216K)
 Metaspace       used 40412K, capacity 41394K, committed 41680K, reserved 552960K
  class space    used 5060K, capacity 5430K, committed 5504K, reserved 516096K
}
Event: 16.803 GC heap before
{Heap before GC invocations=11 (full 0):
 garbage-first heap   total 157696K, used 93656K [0x0000000080000000, 0x0000000100000000)
  region size 1024K, 73 young (74752K), 9 survivors (9216K)
 Metaspace       used 45024K, capacity 46243K, committed 46544K, reserved 557056K
  class space    used 5683K, capacity 6160K, committed 6272K, reserved 516096K
}
Event: 16.836 GC heap after
{Heap after GC invocations=12 (full 0):
 garbage-first heap   total 189440K, used 31671K [0x0000000080000000, 0x0000000100000000)
  region size 1024K, 9 young (9216K), 9 survivors (9216K)
 Metaspace       used 45024K, capacity 46243K, committed 46544K, reserved 557056K
  class space    used 5683K, capacity 6160K, committed 6272K, reserved 516096K
}
Event: 18.648 GC heap before
{Heap before GC invocations=12 (full 0):
 garbage-first heap   total 189440K, used 109495K [0x0000000080000000, 0x0000000100000000)
  region size 1024K, 86 young (88064K), 9 survivors (9216K)
 Metaspace       used 52315K, capacity 53721K, committed 53968K, reserved 563200K
  class space    used 6667K, capacity 7237K, committed 7296K, reserved 516096K
}
Event: 18.679 GC heap after
{Heap after GC invocations=13 (full 0):
 garbage-first heap   total 189440K, used 34943K [0x0000000080000000, 0x0000000100000000)
  region size 1024K, 7 young (7168K), 7 survivors (7168K)
 Metaspace       used 52315K, capacity 53721K, committed 53968K, reserved 563200K
  class space    used 6667K, capacity 7237K, committed 7296K, reserved 516096K
}
Event: 21.227 GC heap before
{Heap before GC invocations=13 (full 0):
 garbage-first heap   total 189440K, used 86143K [0x0000000080000000, 0x0000000100000000)
  region size 1024K, 54 young (55296K), 7 survivors (7168K)
 Metaspace       used 58659K, capacity 60087K, committed 60240K, reserved 569344K
  class space    used 7441K, capacity 8074K, committed 8192K, reserved 516096K
}
Event: 21.256 GC heap after
{Heap after GC invocations=14 (full 0):
 garbage-first heap   total 189440K, used 44159K [0x0000000080000000, 0x0000000100000000)
  region size 1024K, 12 young (12288K), 12 survivors (12288K)
 Metaspace       used 58659K, capacity 60087K, committed 60240K, reserved 569344K
  class space    used 7441K, capacity 8074K, committed 8192K, reserved 516096K
}
Event: 23.088 GC heap before
{Heap before GC invocations=15 (full 0):
 garbage-first heap   total 189440K, used 128127K [0x0000000080000000, 0x0000000100000000)
  region size 1024K, 94 young (96256K), 12 survivors (12288K)
 Metaspace       used 65905K, capacity 67594K, committed 67792K, reserved 575488K
  class space    used 8518K, capacity 9258K, committed 9344K, reserved 516096K
}
Event: 23.147 GC heap after
{Heap after GC invocations=16 (full 0):
 garbage-first heap   total 189440K, used 47159K [0x0000000080000000, 0x0000000100000000)
  region size 1024K, 9 young (9216K), 9 survivors (9216K)
 Metaspace       used 65905K, capacity 67594K, committed 67792K, reserved 575488K
  class space    used 8518K, capacity 9258K, committed 9344K, reserved 516096K
}
Event: 24.741 GC heap before
{Heap before GC invocations=16 (full 0):
 garbage-first heap   total 189440K, used 134199K [0x0000000080000000, 0x0000000100000000)
  region size 1024K, 95 young (97280K), 9 survivors (9216K)
 Metaspace       used 71568K, capacity 73505K, committed 73680K, reserved 581632K
  class space    used 9271K, capacity 10086K, committed 10112K, reserved 516096K
}
Event: 24.779 GC heap after
{Heap after GC invocations=17 (full 0):
 garbage-first heap   total 227328K, used 50608K [0x0000000080000000, 0x0000000100000000)
  region size 1024K, 7 young (7168K), 7 survivors (7168K)
 Metaspace       used 71568K, capacity 73505K, committed 73680K, reserved 581632K
  class space    used 9271K, capacity 10086K, committed 10112K, reserved 516096K
}
Event: 28.852 GC heap before
{Heap before GC invocations=17 (full 0):
 garbage-first heap   total 227328K, used 158128K [0x0000000080000000, 0x0000000100000000)
  region size 1024K, 111 young (113664K), 7 survivors (7168K)
 Metaspace       used 78962K, capacity 81168K, committed 81488K, reserved 587776K
  class space    used 10201K, capacity 11140K, committed 11264K, reserved 516096K
}
Event: 28.918 GC heap after
{Heap after GC invocations=18 (full 0):
 garbage-first heap   total 227328K, used 62442K [0x0000000080000000, 0x0000000100000000)
  region size 1024K, 14 young (14336K), 14 survivors (14336K)
 Metaspace       used 78962K, capacity 81168K, committed 81488K, reserved 587776K
  class space    used 10201K, capacity 11140K, committed 11264K, reserved 516096K
}
Event: 31.563 GC heap before
{Heap before GC invocations=18 (full 0):
 garbage-first heap   total 227328K, used 181226K [0x0000000080000000, 0x0000000100000000)
  region size 1024K, 120 young (122880K), 14 survivors (14336K)
 Metaspace       used 89246K, capacity 91494K, committed 91600K, reserved 595968K
  class space    used 11395K, capacity 12323K, committed 12416K, reserved 516096K
}
Event: 31.652 GC heap after
{Heap after GC invocations=19 (full 0):
 garbage-first heap   total 227328K, used 74475K [0x0000000080000000, 0x0000000100000000)
  region size 1024K, 10 young (10240K), 10 survivors (10240K)
 Metaspace       used 89246K, capacity 91494K, committed 91600K, reserved 595968K
  class space    used 11395K, capacity 12323K, committed 12416K, reserved 516096K
}

